<?xml version="1.0" encoding="UTF-8"?>
<!-- Generated by org.testng.reporters.JUnitXMLReporter -->
<testsuite ignored="0" hostname="WS-16454" failures="0" tests="5" name="Default test" time="0.088" errors="0" timestamp="2024-01-21T22:40:26 IST">
  <testcase classname="test.thirdPractice" name="Cars" time="0.007"/>
  <testcase classname="test.thirdPractice" name="Cars" time="0.001"/>
  <testcase classname="test.thirdPractice" name="Cars" time="0.001"/>
  <testcase classname="test.thirdPractice" name="aeroplanes" time="0.001"/>
  <testcase classname="test.thirdPractice" name="bikes" time="0.001"/>
</testsuite> <!-- Default test -->
