<?xml version="1.0" encoding="UTF-8"?>
<!-- Generated by org.testng.reporters.JUnitXMLReporter -->
<testsuite ignored="0" hostname="WS-16454" failures="0" tests="5" name="begin" time="0.066" errors="0" timestamp="2024-01-08T19:32:07 IST">
  <testcase classname="test.firstPractice" name="firstMethod" time="0.009"/>
  <testcase classname="test.firstPractice" name="secondMethod" time="0.001"/>
  <testcase classname="test.secondPractice" name="goodAfternoon" time="0.001"/>
  <testcase classname="test.secondPractice" name="goodMorning" time="0.001"/>
  <testcase classname="test.secondPractice" name="goodNight" time="0.001"/>
</testsuite> <!-- begin -->
