<?xml version="1.0" encoding="UTF-8"?>
<!-- Generated by org.testng.reporters.JUnitXMLReporter -->
<testsuite ignored="5" hostname="WS-16454" failures="0" tests="3" name="Regression" time="0.071" errors="0" timestamp="2024-01-13T12:02:52 IST">
  <testcase classname="test.firstPractice" name="firstMethod" time="0.009"/>
  <testcase classname="test.secondPractice" name="goodAfternoon" time="0.001"/>
  <testcase classname="test.thirdPractice" name="aeroplanes" time="0.002"/>
  <testcase classname="test.thirdPractice" name="Cars" time="0.0">
    <ignored/>
  </testcase> <!-- Cars -->
  <testcase classname="test.firstPractice" name="secondMethod" time="0.0">
    <ignored/>
  </testcase> <!-- secondMethod -->
  <testcase classname="test.thirdPractice" name="bikes" time="0.0">
    <ignored/>
  </testcase> <!-- bikes -->
  <testcase classname="test.secondPractice" name="goodNight" time="0.0">
    <ignored/>
  </testcase> <!-- goodNight -->
  <testcase classname="test.secondPractice" name="goodMorning" time="0.0">
    <ignored/>
  </testcase> <!-- goodMorning -->
</testsuite> <!-- Regression -->
